Сборка начата 15.01.2017 3:35:11.
     1>Проект "D:\KR_OOP\Sokoban\Sokoban.vcxproj" в узле 2 (целевые объекты Build).
     1>ClCompile:
         D:\Program Files (x86)\Microsoft Visual Studio 12.0\VC\bin\CL.exe /c /I.\GeneratedFiles /I. /IC:\Qt\5.4\msvc2013\include /I.\GeneratedFiles\Debug /IC:\Qt\5.4\msvc2013\include\QtCore /IC:\Qt\5.4\msvc2013\include\QtGui /IC:\Qt\5.4\msvc2013\include\QtWidgets /Zi /nologo /W1 /WX- /Od /Oy- /D UNICODE /D WIN32 /D WIN64 /D QT_DLL /D QT_CORE_LIB /D QT_GUI_LIB /D QT_WIDGETS_LIB /Gm- /EHsc /MDd /GS /fp:precise /Zc:wchar_t /Zc:forScope /Fo"Debug\\" /Fd"Debug\vc120.pdb" /Gd /TP /analyze- /errorReport:prompt editform.cpp
         editform.cpp
       Link:
         D:\Program Files (x86)\Microsoft Visual Studio 12.0\VC\bin\link.exe /ERRORREPORT:PROMPT /OUT:"D:\KR_OOP\Win32\Debug\\Sokoban.exe" /NOLOGO /LIBPATH:C:\Qt\5.4\msvc2013\lib qtmaind.lib Qt5Cored.lib Qt5Guid.lib Qt5Widgetsd.lib kernel32.lib user32.lib gdi32.lib winspool.lib comdlg32.lib advapi32.lib shell32.lib ole32.lib oleaut32.lib uuid.lib odbc32.lib odbccp32.lib /MANIFEST /MANIFESTUAC:"level='asInvoker' uiAccess='false'" /manifest:embed /DEBUG /PDB:"D:\KR_OOP\Win32\Debug\Sokoban.pdb" /SUBSYSTEM:WINDOWS /TLBID:1 /DYNAMICBASE /NXCOMPAT /IMPLIB:"D:\KR_OOP\Win32\Debug\Sokoban.lib" /MACHINE:X86 /SAFESEH Debug\Sokoban.res
         Debug\box.obj
         Debug\editform.obj
         Debug\moc_editform.obj
         Debug\moc_mainwindow.obj
         Debug\moc_play.obj
         Debug\moc_saver.obj
         Debug\moc_sceneconstructor.obj
         Debug\moc_winform.obj
         Debug\hero.obj
         Debug\loader.obj
         Debug\main.obj
         Debug\mainwindow.obj
         Debug\play.obj
         Debug\saver.obj
         Debug\sceneconstructor.obj
         Debug\winform.obj
         Sokoban.vcxproj -> D:\KR_OOP\Win32\Debug\Sokoban.exe
     1>Сборка проекта "D:\KR_OOP\Sokoban\Sokoban.vcxproj" завершена (целевые объекты Build).

Сборка успешно завершена.

Затраченное время: 00:00:01.99
