d:\kr_oop\sokoban\release\winform.obj
d:\kr_oop\sokoban\release\sceneconstructor.obj
d:\kr_oop\sokoban\release\saver.obj
d:\kr_oop\sokoban\release\play.obj
d:\kr_oop\sokoban\release\mainwindow.obj
d:\kr_oop\sokoban\release\main.obj
d:\kr_oop\sokoban\release\loader.obj
d:\kr_oop\sokoban\release\hero.obj
d:\kr_oop\sokoban\release\moc_winform.obj
d:\kr_oop\sokoban\release\moc_sceneconstructor.obj
d:\kr_oop\sokoban\release\moc_saver.obj
d:\kr_oop\sokoban\release\moc_play.obj
d:\kr_oop\sokoban\release\moc_mainwindow.obj
d:\kr_oop\sokoban\release\moc_editform.obj
d:\kr_oop\sokoban\release\editform.obj
d:\kr_oop\sokoban\release\box.obj
d:\kr_oop\sokoban\generatedfiles\ui_mainwindow.h
d:\kr_oop\sokoban\generatedfiles\release\moc_winform.cpp
d:\kr_oop\sokoban\generatedfiles\release\moc_editform.cpp
d:\kr_oop\sokoban\generatedfiles\release\moc_saver.cpp
d:\kr_oop\sokoban\generatedfiles\release\moc_sceneconstructor.cpp
d:\kr_oop\sokoban\generatedfiles\release\moc_play.cpp
d:\kr_oop\sokoban\generatedfiles\release\moc_mainwindow.cpp
d:\kr_oop\sokoban\generatedfiles\ui_editform.h
d:\kr_oop\sokoban\generatedfiles\ui_winform.h
d:\kr_oop\win32\release\sokoban.exe
d:\kr_oop\sokoban\release\sokoban.res
d:\kr_oop\sokoban\release\sokoban.tlog\cl.command.1.tlog
d:\kr_oop\sokoban\release\sokoban.tlog\cl.read.1.tlog
d:\kr_oop\sokoban\release\sokoban.tlog\cl.write.1.tlog
d:\kr_oop\sokoban\release\sokoban.tlog\custombuild.command.1.tlog
d:\kr_oop\sokoban\release\sokoban.tlog\custombuild.read.1.tlog
d:\kr_oop\sokoban\release\sokoban.tlog\custombuild.write.1.tlog
d:\kr_oop\sokoban\release\sokoban.tlog\link.command.1.tlog
d:\kr_oop\sokoban\release\sokoban.tlog\link.read.1.tlog
d:\kr_oop\sokoban\release\sokoban.tlog\link.write.1.tlog
d:\kr_oop\sokoban\release\sokoban.tlog\rc.command.1.tlog
d:\kr_oop\sokoban\release\sokoban.tlog\rc.read.1.tlog
d:\kr_oop\sokoban\release\sokoban.tlog\rc.write.1.tlog
